[2026-01-30 23:39:14.462730] Installed ngspice
[2026-01-30 23:40:02.341573] Installed ngspice
[2026-01-30 23:41:55.028073] Installed ngspice
[2026-01-30 23:48:47.262435] Installed kicad
[2026-01-30 23:53:02.186982] Checked dependencies
[2026-01-30 23:53:14.395245] Configured environment variables
[2026-01-30 23:53:34.231503] Updated ngspice
[2026-01-30 23:55:23.414091] Checked dependencies
[2026-01-30 23:55:28.737720] Configured environment variables
[2026-01-31 00:01:19.360711] Checked dependencies
[2026-01-31 00:01:32.509986] Configured environment variables
[2026-01-31 01:12:00.194069] Installed ngspice
[2026-01-31 01:12:54.951286] Updated ngspice
[2026-01-31 01:13:02.190537] Checked dependencies
[2026-01-31 01:13:19.096988] Configured environment variables
[2026-01-31 01:13:50.130489] Installed ngspice
[2026-01-31 01:13:55.427530] Updated ngspice
[2026-01-31 01:14:00.664036] Checked dependencies
[2026-01-31 01:14:06.469993] Configured environment variables
[2026-01-31 01:15:50.933254] Installed kicad
[2026-02-01 15:01:24.144745] Checked dependencies
[2026-02-01 15:01:38.533732] Checked dependencies
[2026-02-01 15:02:07.810828] Configured environment variables
[2026-03-01 20:37:28.921833] Checked dependencies
[2026-03-01 20:37:43.315239] Configured environment variables
[2026-03-01 20:39:41.016794] Configured environment variables
